<?xml version="1.0" encoding="UTF-8" ?>
<testsuite tests="10" failures="0" name="sf.codingcompetition2020.CodingCompCsvUtilTest" time="0.416" errors="0" skipped="0">
  <properties>
[...]
</properties>
  <testcase classname="sf.codingcompetition2020.CodingCompCsvUtilTest" name="getCustomersRetainedForYearsByPlcyCostAsc2" time="0.254"/>
  <testcase classname="sf.codingcompetition2020.CodingCompCsvUtilTest" name="getLeadsForInsurance" time="0.015"/>
  <testcase classname="sf.codingcompetition2020.CodingCompCsvUtilTest" name="getVendorsWithGivenRatingThatAreInScope" time="0.007"/>
  <testcase classname="sf.codingcompetition2020.CodingCompCsvUtilTest" name="countCustomersFromCitythatUseAgent" time="0.032"/>
  <testcase classname="sf.codingcompetition2020.CodingCompCsvUtilTest" name="test1" time="0.018"/>
  <testcase classname="sf.codingcompetition2020.CodingCompCsvUtilTest" name="getAgentIdGivenRank" time="0.035"/>
  <testcase classname="sf.codingcompetition2020.CodingCompCsvUtilTest" name="getAgentCountInArea" time="0.007"/>
  <testcase classname="sf.codingcompetition2020.CodingCompCsvUtilTest" name="getCountCustomersWithClaims" time="0.038"/>
  <testcase classname="sf.codingcompetition2020.CodingCompCsvUtilTest" name="getAgentsInAreaThatSpeakLanguage" time="0.004"/>
  <testcase classname="sf.codingcompetition2020.CodingCompCsvUtilTest" name="getCustomersRetainedForYearsByPlcyCostAsc" time="0.006"/>
</testsuite>